INFO	2024/06/25 10:05:19 middleware.go:32: [::1]:57651 - HTTP/1.1 GET /
INFO	2024/06/25 10:05:20 middleware.go:32: [::1]:57651 - HTTP/1.1 GET /favicon.ico
INFO	2024/06/25 10:05:43 middleware.go:32: [::1]:57651 - HTTP/1.1 POST /user/login
INFO	2024/06/25 10:05:43 middleware.go:32: [::1]:57651 - HTTP/1.1 GET /favicon.ico
INFO	2024/06/25 10:05:47 middleware.go:32: [::1]:57651 - HTTP/1.1 POST /user/login
INFO	2024/06/25 10:05:48 middleware.go:32: [::1]:57651 - HTTP/1.1 GET /favicon.ico
INFO	2024/06/25 10:05:50 middleware.go:32: [::1]:57651 - HTTP/1.1 GET /user/signup
INFO	2024/06/25 10:05:50 middleware.go:32: [::1]:57651 - HTTP/1.1 GET /favicon.ico
INFO	2024/06/25 10:06:00 middleware.go:32: [::1]:57651 - HTTP/1.1 POST /user/signup
INFO	2024/06/25 10:06:00 middleware.go:32: [::1]:57651 - HTTP/1.1 GET /favicon.ico
INFO	2024/06/25 10:06:04 middleware.go:32: [::1]:57651 - HTTP/1.1 POST /user/signup
INFO	2024/06/25 10:06:04 middleware.go:32: [::1]:57651 - HTTP/1.1 GET /favicon.ico
INFO	2024/06/25 10:06:12 middleware.go:32: [::1]:57651 - HTTP/1.1 POST /user/signup
INFO	2024/06/25 10:06:12 middleware.go:32: [::1]:57651 - HTTP/1.1 GET /user/login
INFO	2024/06/25 10:06:12 middleware.go:32: [::1]:57651 - HTTP/1.1 GET /favicon.ico
INFO	2024/06/25 10:06:25 middleware.go:32: [::1]:57651 - HTTP/1.1 POST /user/login
INFO	2024/06/25 10:06:25 middleware.go:32: [::1]:57651 - HTTP/1.1 GET /home
INFO	2024/06/25 10:06:25 middleware.go:32: [::1]:57651 - HTTP/1.1 GET /favicon.ico
INFO	2024/06/25 10:06:39 middleware.go:32: [::1]:57651 - HTTP/1.1 GET /special
INFO	2024/06/25 10:06:39 middleware.go:32: [::1]:57651 - HTTP/1.1 GET /favicon.ico
INFO	2024/06/25 10:06:43 middleware.go:32: [::1]:57651 - HTTP/1.1 GET /home
INFO	2024/06/25 10:06:43 middleware.go:32: [::1]:57651 - HTTP/1.1 GET /favicon.ico
INFO	2024/06/25 10:06:54 middleware.go:32: [::1]:57651 - HTTP/1.1 GET /tagSection?tag=%20fresh
INFO	2024/06/25 10:06:54 middleware.go:32: [::1]:57651 - HTTP/1.1 GET /favicon.ico
INFO	2024/06/25 10:06:59 middleware.go:32: [::1]:57651 - HTTP/1.1 GET /home
INFO	2024/06/25 10:06:59 middleware.go:32: [::1]:57651 - HTTP/1.1 GET /favicon.ico
INFO	2024/06/25 10:09:09 middleware.go:32: [::1]:57651 - HTTP/1.1 GET /tagSection?tag=%20support
INFO	2024/06/25 10:09:09 middleware.go:32: [::1]:57651 - HTTP/1.1 GET /favicon.ico
INFO	2024/06/25 10:09:19 middleware.go:32: [::1]:57651 - HTTP/1.1 GET /favicon.ico
INFO	2024/06/25 10:09:26 middleware.go:32: [::1]:57651 - HTTP/1.1 POST /tags
INFO	2024/06/25 10:09:26 middleware.go:32: [::1]:57651 - HTTP/1.1 GET /home
INFO	2024/06/25 10:09:26 middleware.go:32: [::1]:57651 - HTTP/1.1 GET /favicon.ico
INFO	2024/06/25 10:10:17 middleware.go:32: [::1]:57651 - HTTP/1.1 POST /tags
INFO	2024/06/25 10:10:17 middleware.go:32: [::1]:57651 - HTTP/1.1 GET /home
INFO	2024/06/25 10:10:17 middleware.go:32: [::1]:57651 - HTTP/1.1 GET /favicon.ico
INFO	2024/06/25 10:10:30 middleware.go:32: [::1]:57651 - HTTP/1.1 GET /tagSection?tag=%20comment
INFO	2024/06/25 10:10:30 middleware.go:32: [::1]:57651 - HTTP/1.1 GET /favicon.ico
INFO	2024/06/25 10:10:43 middleware.go:32: [::1]:57651 - HTTP/1.1 GET /home
INFO	2024/06/25 10:10:43 middleware.go:32: [::1]:57651 - HTTP/1.1 GET /favicon.ico
INFO	2024/06/25 10:11:05 middleware.go:32: [::1]:57651 - HTTP/1.1 GET /home
INFO	2024/06/25 10:11:05 middleware.go:32: [::1]:57651 - HTTP/1.1 GET /static/css/main.css
INFO	2024/06/25 10:11:05 middleware.go:32: [::1]:57651 - HTTP/1.1 GET /favicon.ico
:29 middleware.go:32: [::1]:60168 - HTTP/1.1 GET /static/css/main.css
INFO	2024/06/07 14:52:29 middleware.go:32: [::1]:60168 - HTTP/1.1 GET /favicon.ico
INFO	2024/06/07 14:52:29 middleware.go:32: [::1]:60168 - HTTP/1.1 GET /home
INFO	2024/06/07 14:52:29 middleware.go:32: [::1]:60168 - HTTP/1.1 GET /static/css/main.css
INFO	2024/06/07 14:52:29 middleware.go:32: [::1]:60168 - HTTP/1.1 GET /favicon.ico
INFO	2024/06/07 14:52:29 middleware.go:32: [::1]:60168 - HTTP/1.1 GET /home
INFO	2024/06/07 14:52:29 middleware.go:32: [::1]:60168 - HTTP/1.1 GET /static/css/main.css
INFO	2024/06/07 14:52:29 middleware.go:32: [::1]:60168 - HTTP/1.1 GET /favicon.ico
me
INFO	2024/06/07 14:46:35 middleware.go:32: [::1]:60144 - HTTP/1.1 GET /static/css/main.css
INFO	2024/06/07 14:46:35 middleware.go:32: [::1]:60144 - HTTP/1.1 GET /favicon.ico
INFO	2024/06/07 14:46:35 middleware.go:32: [::1]:60144 - HTTP/1.1 GET /home
INFO	2024/06/07 14:46:35 middleware.go:32: [::1]:60144 - HTTP/1.1 GET /static/css/main.css
INFO	2024/06/07 14:46:35 middleware.go:32: [::1]:60144 - HTTP/1.1 GET /favicon.ico
INFO	2024/06/07 14:46:35 middleware.go:32: [::1]:60144 - HTTP/1.1 GET /home
INFO	2024/06/07 14:46:35 middleware.go:32: [::1]:60144 - HTTP/1.1 GET /static/css/main.css
INFO	2024/06/07 14:46:35 middleware.go:32: [::1]:60144 - HTTP/1.1 GET /favicon.ico
INFO	2024/06/07 14:46:35 middleware.go:32: [::1]:60144 - HTTP/1.1 GET /home
INFO	2024/06/07 14:46:35 middleware.go:32: [::1]:60144 - HTTP/1.1 GET /static/css/main.css
INFO	2024/06/07 14:46:35 middleware.go:32: [::1]:60144 - HTTP/1.1 GET /favicon.ico
INFO	2024/06/07 14:46:47 middleware.go:32: [::1]:60144 - HTTP/1.1 GET /home
INFO	2024/06/07 14:46:47 middleware.go:32: [::1]:60144 - HTTP/1.1 GET /static/css/main.css
INFO	2024/06/07 14:46:47 middleware.go:32: [::1]:60144 - HTTP/1.1 GET /favicon.ico
INFO	2024/06/07 14:46:48 middleware.go:32: [::1]:60144 - HTTP/1.1 GET /home
INFO	2024/06/07 14:46:48 middleware.go:32: [::1]:60144 - HTTP/1.1 GET /static/css/main.css
INFO	2024/06/07 14:46:48 middleware.go:32: [::1]:60144 - HTTP/1.1 GET /favicon.ico
INFO	2024/06/07 14:46:48 middleware.go:32: [::1]:60144 - HTTP/1.1 GET /home
INFO	2024/06/07 14:46:48 middleware.go:32: [::1]:60144 - HTTP/1.1 GET /static/css/main.css
INFO	2024/06/07 14:46:48 middleware.go:32: [::1]:60144 - HTTP/1.1 GET /favicon.ico
INFO	2024/06/07 14:46:48 middleware.go:32: [::1]:60144 - HTTP/1.1 GET /home
INFO	2024/06/07 14:46:48 middleware.go:32: [::1]:60144 - HTTP/1.1 GET /static/css/main.css
INFO	2024/06/07 14:46:48 middleware.go:32: [::1]:60144 - HTTP/1.1 GET /favicon.ico
INFO	2024/06/07 14:46:48 middleware.go:32: [::1]:60144 - HTTP/1.1 GET /home
INFO	2024/06/07 14:46:48 middleware.go:32: [::1]:60144 - HTTP/1.1 GET /static/css/main.css
INFO	2024/06/07 14:46:48 middleware.go:32: [::1]:60144 - HTTP/1.1 GET /favicon.ico
INFO	2024/06/07 14:46:49 middleware.go:32: [::1]:60144 - HTTP/1.1 GET /home
INFO	2024/06/07 14:46:49 middleware.go:32: [::1]:60144 - HTTP/1.1 GET /favicon.ico
INFO	2024/06/07 14:46:49 middleware.go:32: [::1]:60144 - HTTP/1.1 GET /home
INFO	2024/06/07 14:46:49 middleware.go:32: [::1]:60144 - HTTP/1.1 GET /favicon.ico
INFO	2024/06/07 14:46:49 middleware.go:32: [::1]:60144 - HTTP/1.1 GET /home
INFO	2024/06/07 14:46:49 middleware.go:32: [::1]:60144 - HTTP/1.1 GET /favicon.ico
INFO	2024/06/07 14:46:49 middleware.go:32: [::1]:60144 - HTTP/1.1 GET /home
INFO	2024/06/07 14:46:49 middleware.go:32: [::1]:60144 - HTTP/1.1 GET /favicon.ico
INFO	2024/06/07 14:46:49 middleware.go:32: [::1]:60144 - HTTP/1.1 GET /home
INFO	2024/06/07 14:46:50 middleware.go:32: [::1]:60144 - HTTP/1.1 GET /favicon.ico
INFO	2024/06/07 14:46:50 middleware.go:32: [::1]:60144 - HTTP/1.1 GET /home
INFO	2024/06/07 14:46:50 middleware.go:32: [::1]:60144 - HTTP/1.1 GET /favicon.ico
INFO	2024/06/07 14:46:52 middleware.go:32: [::1]:60144 - HTTP/1.1 GET /
INFO	2024/06/07 14:46:53 middleware.go:32: [::1]:60144 - HTTP/1.1 GET /favicon.ico
INFO	2024/06/07 14:46:58 middleware.go:32: [::1]:60144 - HTTP/1.1 POST /user/login
INFO	2024/06/07 14:46:59 middleware.go:32: [::1]:60144 - HTTP/1.1 GET /home
INFO	2024/06/07 14:46:59 middleware.go:32: [::1]:60144 - HTTP/1.1 GET /favicon.ico
INFO	2024/06/07 14:47:03 middleware.go:32: [::1]:60144 - HTTP/1.1 GET /home
INFO	2024/06/07 14:47:03 middleware.go:32: [::1]:60144 - HTTP/1.1 GET /static/css/main.css
INFO	2024/06/07 14:47:03 middleware.go:32: [::1]:60144 - HTTP/1.1 GET /favicon.ico
INFO	2024/06/07 14:47:03 middleware.go:32: [::1]:60144 - HTTP/1.1 GET /home
INFO	2024/06/07 14:47:03 middleware.go:32: [::1]:60144 - HTTP/1.1 GET /static/css/main.css
INFO	2024/06/07 14:47:03 middleware.go:32: [::1]:60144 - HTTP/1.1 GET /favicon.ico
INFO	2024/06/07 14:48:23 middleware.go:32: [::1]:60144 - HTTP/1.1 GET /home
INFO	2024/06/07 14:48:23 middleware.go:32: [::1]:60144 - HTTP/1.1 GET /user/login
INFO	2024/06/07 14:48:23 middleware.go:32: [::1]:60144 - HTTP/1.1 GET /static/css/main.css
INFO	2024/06/07 14:48:23 middleware.go:32: [::1]:60144 - HTTP/1.1 GET /favicon.ico
INFO	2024/06/07 14:48:52 middleware.go:32: [::1]:60144 - HTTP/1.1 POST /user/login
INFO	2024/06/07 14:48:52 middleware.go:32: [::1]:60144 - HTTP/1.1 GET /home
INFO	2024/06/07 14:48:52 middleware.go:32: [::1]:60144 - HTTP/1.1 GET /static/css/main.css
INFO	2024/06/07 14:48:52 middleware.go:32: [::1]:60144 - HTTP/1.1 GET /favicon.ico
INFO	2024/06/07 14:49:03 middleware.go:32: [::1]:60144 - HTTP/1.1 GET /home
INFO	2024/06/07 14:49:03 middleware.go:32: [::1]:60144 - HTTP/1.1 GET /static/css/main.css
INFO	2024/06/07 14:49:03 middleware.go:32: [::1]:60144 - HTTP/1.1 GET /favicon.ico
INFO	2024/06/07 14:49:04 middleware.go:32: [::1]:60144 - HTTP/1.1 GET /home
INFO	2024/06/07 14:49:04 middleware.go:32: [::1]:60144 - HTTP/1.1 GET /static/css/main.css
INFO	2024/06/07 14:49:04 middleware.go:32: [::1]:60144 - HTTP/1.1 GET /favicon.ico
INFO	2024/06/07 14:49:04 middleware.go:32: [::1]:60144 - HTTP/1.1 GET /home
INFO	2024/06/07 14:49:04 middleware.go:32: [::1]:60144 - HTTP/1.1 GET /static/css/main.css
INFO	2024/06/07 14:49:04 middleware.go:32: [::1]:60144 - HTTP/1.1 GET /favicon.ico
TTP/1.1 POST /delete
INFO	2024/06/06 12:03:21 middleware.go:30: [::1]:60795 - HTTP/1.1 GET /
INFO	2024/06/06 12:03:21 middleware.go:30: [::1]:60795 - HTTP/1.1 POST /delete
INFO	2024/06/06 12:03:21 middleware.go:30: [::1]:60795 - HTTP/1.1 GET /
INFO	2024/06/06 12:03:21 middleware.go:30: [::1]:60795 - HTTP/1.1 POST /delete
INFO	2024/06/06 12:03:21 middleware.go:30: [::1]:60795 - HTTP/1.1 GET /
INFO	2024/06/06 12:03:24 middleware.go:30: [::1]:60795 - HTTP/1.1 POST /addTasks
INFO	2024/06/06 12:03:24 middleware.go:30: [::1]:60795 - HTTP/1.1 GET /
INFO	2024/06/06 12:04:20 middleware.go:30: [::1]:60795 - HTTP/1.1 POST /addTasks
INFO	2024/06/06 12:04:20 middleware.go:30: [::1]:60795 - HTTP/1.1 GET /
INFO	2024/06/06 12:04:23 middleware.go:30: [::1]:60795 - HTTP/1.1 POST /addTasks
INFO	2024/06/06 12:04:23 middleware.go:30: [::1]:60795 - HTTP/1.1 GET /
INFO	2024/06/06 12:05:22 middleware.go:30: [::1]:60795 - HTTP/1.1 POST /addTasks
INFO	2024/06/06 12:05:22 middleware.go:30: [::1]:60795 - HTTP/1.1 GET /
INFO	2024/06/06 12:05:25 middleware.go:30: [::1]:60795 - HTTP/1.1 POST /addTasks
INFO	2024/06/06 12:05:25 middleware.go:30: [::1]:60795 - HTTP/1.1 GET /
